-------------------------------------------------------------------------------
Test set: ChaCha20Test
-------------------------------------------------------------------------------
Tests run: 4, Failures: 0, Errors: 4, Skipped: 0, Time elapsed: 0.761 s <<< FAILURE! -- in ChaCha20Test
ChaCha20Test.testSetKeyAndNonce -- Time elapsed: 0.737 s <<< ERROR!
java.lang.NullPointerException
	at java.base/java.io.FileOutputStream.<init>(FileOutputStream.java:221)
	at java.base/java.io.FileOutputStream.<init>(FileOutputStream.java:118)
	at es.uclm.esi.gsya.utils.FileHandler.saveKeyToFile(FileHandler.java:22)
	at es.uclm.esi.gsya.ciphers.symmetric.ChaCha20.generateKey(ChaCha20.java:112)
	at es.uclm.esi.gsya.ciphers.symmetric.ChaCha20.<init>(ChaCha20.java:49)
	at ChaCha20Test.testSetKeyAndNonce(ChaCha20Test.java:84)
	at java.base/java.lang.reflect.Method.invoke(Method.java:580)
	at java.base/java.util.ArrayList.forEach(ArrayList.java:1596)
	at java.base/java.util.ArrayList.forEach(ArrayList.java:1596)

ChaCha20Test.testEncryptionDecryption -- Time elapsed: 0.002 s <<< ERROR!
java.lang.NullPointerException
	at java.base/java.io.FileOutputStream.<init>(FileOutputStream.java:221)
	at java.base/java.io.FileOutputStream.<init>(FileOutputStream.java:118)
	at es.uclm.esi.gsya.utils.FileHandler.saveKeyToFile(FileHandler.java:22)
	at es.uclm.esi.gsya.ciphers.symmetric.ChaCha20.generateKey(ChaCha20.java:112)
	at es.uclm.esi.gsya.ciphers.symmetric.ChaCha20.<init>(ChaCha20.java:49)
	at ChaCha20Test.testEncryptionDecryption(ChaCha20Test.java:58)
	at java.base/java.lang.reflect.Method.invoke(Method.java:580)
	at java.base/java.util.ArrayList.forEach(ArrayList.java:1596)
	at java.base/java.util.ArrayList.forEach(ArrayList.java:1596)

ChaCha20Test.testKeyGeneration -- Time elapsed: 0.002 s <<< ERROR!
java.lang.NullPointerException
	at java.base/java.io.FileOutputStream.<init>(FileOutputStream.java:221)
	at java.base/java.io.FileOutputStream.<init>(FileOutputStream.java:118)
	at es.uclm.esi.gsya.utils.FileHandler.saveKeyToFile(FileHandler.java:22)
	at es.uclm.esi.gsya.ciphers.symmetric.ChaCha20.generateKey(ChaCha20.java:112)
	at es.uclm.esi.gsya.ciphers.symmetric.ChaCha20.<init>(ChaCha20.java:49)
	at ChaCha20Test.testKeyGeneration(ChaCha20Test.java:44)
	at java.base/java.lang.reflect.Method.invoke(Method.java:580)
	at java.base/java.util.ArrayList.forEach(ArrayList.java:1596)
	at java.base/java.util.ArrayList.forEach(ArrayList.java:1596)

ChaCha20Test.testNonceGeneration -- Time elapsed: 0.002 s <<< ERROR!
java.lang.NullPointerException
	at java.base/java.io.FileOutputStream.<init>(FileOutputStream.java:221)
	at java.base/java.io.FileOutputStream.<init>(FileOutputStream.java:118)
	at es.uclm.esi.gsya.utils.FileHandler.saveKeyToFile(FileHandler.java:22)
	at es.uclm.esi.gsya.ciphers.symmetric.ChaCha20.generateKey(ChaCha20.java:112)
	at es.uclm.esi.gsya.ciphers.symmetric.ChaCha20.<init>(ChaCha20.java:49)
	at ChaCha20Test.testNonceGeneration(ChaCha20Test.java:72)
	at java.base/java.lang.reflect.Method.invoke(Method.java:580)
	at java.base/java.util.ArrayList.forEach(ArrayList.java:1596)
	at java.base/java.util.ArrayList.forEach(ArrayList.java:1596)

